<?xml version="1.0" encoding="UTF-8"?>
<!-- Generated by org.testng.reporters.JUnitReportReporter -->
<testsuite hostname="W2027491" failures="0" tests="1" name="excel" time="1.230" errors="0" timestamp="2023-10-19T01:17:06 IST" skipped="0">
  <testcase classname="excel" name="getExcel" time="1.230"/>
</testsuite> <!-- excel -->
